<?xml version="1.0" encoding="UTF-8"?>
<testsuite name="com.example.naverapi.naver.naverClientTest" tests="1" skipped="0" failures="0" errors="0" timestamp="2021-12-03T12:20:33" hostname="DESKTOP-KAMLLLJ" time="4.192">
  <properties/>
  <testcase name="SearchImageTest()" classname="com.example.naverapi.naver.naverClientTest" time="4.192"/>
  <system-out><![CDATA[21:20:22.158 [Test worker] DEBUG org.springframework.test.context.BootstrapUtils - Instantiating CacheAwareContextLoaderDelegate from class [org.springframework.test.context.cache.DefaultCacheAwareContextLoaderDelegate]
21:20:22.200 [Test worker] DEBUG org.springframework.test.context.BootstrapUtils - Instantiating BootstrapContext using constructor [public org.springframework.test.context.support.DefaultBootstrapContext(java.lang.Class,org.springframework.test.context.CacheAwareContextLoaderDelegate)]
21:20:22.342 [Test worker] DEBUG org.springframework.test.context.BootstrapUtils - Instantiating TestContextBootstrapper for test class [com.example.naverapi.naver.naverClientTest] from class [org.springframework.boot.test.context.SpringBootTestContextBootstrapper]
21:20:22.394 [Test worker] INFO org.springframework.boot.test.context.SpringBootTestContextBootstrapper - Neither @ContextConfiguration nor @ContextHierarchy found for test class [com.example.naverapi.naver.naverClientTest], using SpringBootContextLoader
21:20:22.412 [Test worker] DEBUG org.springframework.test.context.support.AbstractContextLoader - Did not detect default resource location for test class [com.example.naverapi.naver.naverClientTest]: class path resource [com/example/naverapi/naver/naverClientTest-context.xml] does not exist
21:20:22.415 [Test worker] DEBUG org.springframework.test.context.support.AbstractContextLoader - Did not detect default resource location for test class [com.example.naverapi.naver.naverClientTest]: class path resource [com/example/naverapi/naver/naverClientTestContext.groovy] does not exist
21:20:22.416 [Test worker] INFO org.springframework.test.context.support.AbstractContextLoader - Could not detect default resource locations for test class [com.example.naverapi.naver.naverClientTest]: no resource found for suffixes {-context.xml, Context.groovy}.
21:20:22.422 [Test worker] INFO org.springframework.test.context.support.AnnotationConfigContextLoaderUtils - Could not detect default configuration classes for test class [com.example.naverapi.naver.naverClientTest]: naverClientTest does not declare any static, non-private, non-final, nested classes annotated with @Configuration.
21:20:22.611 [Test worker] DEBUG org.springframework.test.context.support.ActiveProfilesUtils - Could not find an 'annotation declaring class' for annotation type [org.springframework.test.context.ActiveProfiles] and class [com.example.naverapi.naver.naverClientTest]
21:20:22.883 [Test worker] DEBUG org.springframework.context.annotation.ClassPathScanningCandidateComponentProvider - Identified candidate component class: file [C:\Users\daemy\IdeaProjects\demo1\NaverApi\build\classes\java\main\com\example\naverapi\NaverApiApplication.class]
21:20:22.885 [Test worker] INFO org.springframework.boot.test.context.SpringBootTestContextBootstrapper - Found @SpringBootConfiguration com.example.naverapi.NaverApiApplication for test class com.example.naverapi.naver.naverClientTest
21:20:23.321 [Test worker] DEBUG org.springframework.boot.test.context.SpringBootTestContextBootstrapper - @TestExecutionListeners is not present for class [com.example.naverapi.naver.naverClientTest]: using defaults.
21:20:23.323 [Test worker] INFO org.springframework.boot.test.context.SpringBootTestContextBootstrapper - Loaded default TestExecutionListener class names from location [META-INF/spring.factories]: [org.springframework.boot.test.autoconfigure.restdocs.RestDocsTestExecutionListener, org.springframework.boot.test.autoconfigure.web.client.MockRestServiceServerResetTestExecutionListener, org.springframework.boot.test.autoconfigure.web.servlet.MockMvcPrintOnlyOnFailureTestExecutionListener, org.springframework.boot.test.autoconfigure.web.servlet.WebDriverTestExecutionListener, org.springframework.boot.test.autoconfigure.webservices.client.MockWebServiceServerTestExecutionListener, org.springframework.boot.test.mock.mockito.MockitoTestExecutionListener, org.springframework.boot.test.mock.mockito.ResetMocksTestExecutionListener, org.springframework.test.context.web.ServletTestExecutionListener, org.springframework.test.context.support.DirtiesContextBeforeModesTestExecutionListener, org.springframework.test.context.event.ApplicationEventsTestExecutionListener, org.springframework.test.context.support.DependencyInjectionTestExecutionListener, org.springframework.test.context.support.DirtiesContextTestExecutionListener, org.springframework.test.context.transaction.TransactionalTestExecutionListener, org.springframework.test.context.jdbc.SqlScriptsTestExecutionListener, org.springframework.test.context.event.EventPublishingTestExecutionListener]
21:20:23.382 [Test worker] DEBUG org.springframework.boot.test.context.SpringBootTestContextBootstrapper - Skipping candidate TestExecutionListener [org.springframework.test.context.transaction.TransactionalTestExecutionListener] due to a missing dependency. Specify custom listener classes or make the default listener classes and their required dependencies available. Offending class: [org/springframework/transaction/interceptor/TransactionAttributeSource]
21:20:23.389 [Test worker] DEBUG org.springframework.boot.test.context.SpringBootTestContextBootstrapper - Skipping candidate TestExecutionListener [org.springframework.test.context.jdbc.SqlScriptsTestExecutionListener] due to a missing dependency. Specify custom listener classes or make the default listener classes and their required dependencies available. Offending class: [org/springframework/transaction/interceptor/TransactionAttribute]
21:20:23.392 [Test worker] INFO org.springframework.boot.test.context.SpringBootTestContextBootstrapper - Using TestExecutionListeners: [org.springframework.test.context.web.ServletTestExecutionListener@29539e36, org.springframework.test.context.support.DirtiesContextBeforeModesTestExecutionListener@32f61a31, org.springframework.test.context.event.ApplicationEventsTestExecutionListener@f5c79a6, org.springframework.boot.test.mock.mockito.MockitoTestExecutionListener@669253b7, org.springframework.boot.test.autoconfigure.SpringBootDependencyInjectionTestExecutionListener@5305c37d, org.springframework.test.context.support.DirtiesContextTestExecutionListener@51a06cbe, org.springframework.test.context.event.EventPublishingTestExecutionListener@3dddbe65, org.springframework.boot.test.autoconfigure.restdocs.RestDocsTestExecutionListener@49a64d82, org.springframework.boot.test.autoconfigure.web.client.MockRestServiceServerResetTestExecutionListener@344561e0, org.springframework.boot.test.autoconfigure.web.servlet.MockMvcPrintOnlyOnFailureTestExecutionListener@66d23e4a, org.springframework.boot.test.autoconfigure.web.servlet.WebDriverTestExecutionListener@36ac8a63, org.springframework.boot.test.autoconfigure.webservices.client.MockWebServiceServerTestExecutionListener@4d9d1b69, org.springframework.boot.test.mock.mockito.ResetMocksTestExecutionListener@52c8295b]
21:20:23.418 [Test worker] DEBUG org.springframework.test.context.support.AbstractDirtiesContextTestExecutionListener - Before test class: context [DefaultTestContext@1d572e62 testClass = naverClientTest, testInstance = [null], testMethod = [null], testException = [null], mergedContextConfiguration = [WebMergedContextConfiguration@29caf222 testClass = naverClientTest, locations = '{}', classes = '{class com.example.naverapi.NaverApiApplication}', contextInitializerClasses = '[]', activeProfiles = '{}', propertySourceLocations = '{}', propertySourceProperties = '{org.springframework.boot.test.context.SpringBootTestContextBootstrapper=true}', contextCustomizers = set[org.springframework.boot.test.autoconfigure.actuate.metrics.MetricsExportContextCustomizerFactory$DisableMetricExportContextCustomizer@3382f8ae, org.springframework.boot.test.autoconfigure.properties.PropertyMappingContextCustomizer@0, org.springframework.boot.test.autoconfigure.web.servlet.WebDriverContextCustomizerFactory$Customizer@7e928e2f, org.springframework.boot.test.context.filter.ExcludeFilterContextCustomizer@1698ee84, org.springframework.boot.test.json.DuplicateJsonObjectContextCustomizerFactory$DuplicateJsonObjectContextCustomizer@328cf0e1, org.springframework.boot.test.mock.mockito.MockitoContextCustomizer@0, org.springframework.boot.test.web.client.TestRestTemplateContextCustomizer@58359ebd, org.springframework.boot.test.context.SpringBootTestArgs@1, org.springframework.boot.test.context.SpringBootTestWebEnvironment@3214ee6], resourceBasePath = 'src/main/webapp', contextLoader = 'org.springframework.boot.test.context.SpringBootContextLoader', parent = [null]], attributes = map['org.springframework.test.context.web.ServletTestExecutionListener.activateListener' -> true]], class annotated with @DirtiesContext [false] with mode [null].
21:20:23.608 [Test worker] DEBUG org.springframework.boot.ApplicationServletEnvironment - Activating profiles []
21:20:23.609 [Test worker] DEBUG org.springframework.test.context.support.TestPropertySourceUtils - Adding inlined properties to environment: {spring.jmx.enabled=false, org.springframework.boot.test.context.SpringBootTestContextBootstrapper=true}

  .   ____          _            __ _ _
 /\\ / ___'_ __ _ _(_)_ __  __ _ \ \ \ \
( ( )\___ | '_ | '_| | '_ \/ _` | \ \ \ \
 \\/  ___)| |_)| | | | | || (_| |  ) ) ) )
  '  |____| .__|_| |_|_| |_\__, | / / / /
 =========|_|==============|___/=/_/_/_/
 :: Spring Boot ::                (v2.6.1)

2021-12-03 21:20:24.999  INFO 16912 --- [    Test worker] c.e.naverapi.naver.naverClientTest       : Starting naverClientTest using Java 11.0.12 on DESKTOP-KAMLLLJ with PID 16912 (started by daemy in C:\Users\daemy\IdeaProjects\demo1\NaverApi)
2021-12-03 21:20:25.001  INFO 16912 --- [    Test worker] c.e.naverapi.naver.naverClientTest       : No active profile set, falling back to default profiles: default
2021-12-03 21:20:33.713  INFO 16912 --- [    Test worker] c.e.naverapi.naver.naverClientTest       : Started naverClientTest in 10.093 seconds (JVM running for 18.662)
SearchImageRes(lastBuildDate=Fri, 03 Dec 2021 21:20:38 +0900, total=132602, start=1, display=1, items=[SearchImageRes.SearchImageItem(title=위드 코로나 시행 첫 주말, 경복궁 입장 기다리는 시민들, link=http://imgnews.naver.net/image/003/2021/11/06/NISI20211106_0018127573_web_20211106164240_20211106164416329.jpg, thumbnail=https://search.pstatic.net/common/?src=http://imgnews.naver.net/image/003/2021/11/06/NISI20211106_0018127573_web_20211106164240_20211106164416329.jpg&type=b150, sizeheight=924, sizewidth=720)])
]]></system-out>
  <system-err><![CDATA[]]></system-err>
</testsuite>
